<?xml version="1.0" encoding="UTF-8"?>
<testng-results ignored="0" total="1" passed="1" failed="0" skipped="0">
  <reporter-output>
  </reporter-output>
  <suite started-at="2021-03-31T12:23:34 IST" name="Default suite" finished-at="2021-03-31T12:23:40 IST" duration-ms="5696">
    <groups>
    </groups>
    <test started-at="2021-03-31T12:23:34 IST" name="Default test" finished-at="2021-03-31T12:23:40 IST" duration-ms="5696">
      <class name="Day_Selenium">
        <test-method signature="login()[pri:0, instance:Day_Selenium@6973bf95]" started-at="2021-03-31T12:23:34 IST" name="login" finished-at="2021-03-31T12:23:40 IST" duration-ms="5664" status="PASS">
          <reporter-output>
          </reporter-output>
        </test-method> <!-- login -->
      </class> <!-- Day_Selenium -->
    </test> <!-- Default test -->
  </suite> <!-- Default suite -->
</testng-results>
