<?xml version="1.0" encoding="UTF-8"?>
<testng-results ignored="0" total="3" passed="3" failed="0" skipped="0">
  <reporter-output>
  </reporter-output>
  <suite started-at="2021-03-30T16:34:40 IST" name="Default suite" finished-at="2021-03-30T16:35:07 IST" duration-ms="26854">
    <groups>
    </groups>
    <test started-at="2021-03-30T16:34:40 IST" name="Default test" finished-at="2021-03-30T16:35:07 IST" duration-ms="26854">
      <class name="Day3_Selenium">
        <test-method is-config="true" signature="a()[pri:0, instance:Day3_Selenium@61dd025]" started-at="2021-03-30T16:34:40 IST" name="a" finished-at="2021-03-30T16:34:40 IST" duration-ms="3" status="PASS">
          <reporter-output>
          </reporter-output>
        </test-method> <!-- a -->
        <test-method signature="z()[pri:0, instance:Day3_Selenium@61dd025]" started-at="2021-03-30T16:34:40 IST" name="z" finished-at="2021-03-30T16:34:48 IST" duration-ms="7674" status="PASS">
          <reporter-output>
          </reporter-output>
        </test-method> <!-- z -->
        <test-method is-config="true" signature="b()[pri:0, instance:Day3_Selenium@61dd025]" started-at="2021-03-30T16:34:48 IST" name="b" finished-at="2021-03-30T16:34:48 IST" duration-ms="0" status="PASS">
          <reporter-output>
          </reporter-output>
        </test-method> <!-- b -->
        <test-method signature="y()[pri:2, instance:Day3_Selenium@61dd025]" started-at="2021-03-30T16:34:48 IST" name="y" finished-at="2021-03-30T16:34:57 IST" duration-ms="9138" status="PASS">
          <reporter-output>
          </reporter-output>
        </test-method> <!-- y -->
        <test-method is-config="true" signature="a()[pri:0, instance:Day3_Selenium@61dd025]" started-at="2021-03-30T16:34:48 IST" name="a" finished-at="2021-03-30T16:34:48 IST" duration-ms="0" status="PASS">
          <reporter-output>
          </reporter-output>
        </test-method> <!-- a -->
        <test-method is-config="true" signature="b()[pri:0, instance:Day3_Selenium@61dd025]" started-at="2021-03-30T16:34:57 IST" name="b" finished-at="2021-03-30T16:34:57 IST" duration-ms="0" status="PASS">
          <reporter-output>
          </reporter-output>
        </test-method> <!-- b -->
        <test-method is-config="true" signature="a()[pri:0, instance:Day3_Selenium@61dd025]" started-at="2021-03-30T16:34:57 IST" name="a" finished-at="2021-03-30T16:34:57 IST" duration-ms="0" status="PASS">
          <reporter-output>
          </reporter-output>
        </test-method> <!-- a -->
        <test-method signature="x()[pri:1, instance:Day3_Selenium@61dd025]" started-at="2021-03-30T16:34:57 IST" name="x" description="Orange hrms Live" finished-at="2021-03-30T16:35:07 IST" depends-on-methods="Day3_Selenium.y" duration-ms="10009" status="PASS">
          <reporter-output>
          </reporter-output>
        </test-method> <!-- x -->
        <test-method is-config="true" signature="b()[pri:0, instance:Day3_Selenium@61dd025]" started-at="2021-03-30T16:35:07 IST" name="b" finished-at="2021-03-30T16:35:07 IST" duration-ms="0" status="PASS">
          <reporter-output>
          </reporter-output>
        </test-method> <!-- b -->
      </class> <!-- Day3_Selenium -->
    </test> <!-- Default test -->
  </suite> <!-- Default suite -->
</testng-results>
